<?xml version="1.0" encoding="UTF-8"?>
<testsuite xmlns:xsi="http://www.w3.org/2001/XMLSchema-instance" xsi:noNamespaceSchemaLocation="https://maven.apache.org/surefire/maven-surefire-plugin/xsd/surefire-test-report.xsd" version="3.0.2" name="com.polygres.wiretests.OsWireTest" time="0.419" tests="4" errors="0" skipped="0" failures="0" flakes="0">
  <properties>
[...]
</properties>
  <testcase name="indexAndSearchByTerm" classname="com.polygres.wiretests.OsWireTest" time="0.268">
    <system-err><![CDATA[SLF4J: Failed to load class "org.slf4j.impl.StaticLoggerBinder".
SLF4J: Defaulting to no-operation (NOP) logger implementation
SLF4J: See http://www.slf4j.org/codes.html#StaticLoggerBinder for further details.
]]></system-err>
  </testcase>
  <testcase name="termsAggregationWithNestedAvgMetric" classname="com.polygres.wiretests.OsWireTest" time="0.046"/>
  <testcase name="hybridQueryFusesTextAndVectorScores" classname="com.polygres.wiretests.OsWireTest" time="0.072"/>
  <testcase name="getAndDeleteDocument" classname="com.polygres.wiretests.OsWireTest" time="0.024"/>
</testsuite>